[2012-05-23 16:31:03] <AssemblyHost> AssemblyHost.Console 开始启动 ...
[2012-05-23 16:32:18] <AssemblyHost> AssemblyHost.Console 开始启动 ...
[2012-05-23 16:33:38] <AssemblyHost> AssemblyHost.Console 开始启动 ...
[2012-05-23 16:34:07] <AssemblyHost> AssemblyHost.Console 开始启动 ...
[2012-05-23 16:34:50] <AssemblyHost> AssemblyHost.Console 开始启动 ...
[2012-05-23 16:35:31] <AssemblyHost> AssemblyHost.Console 开始启动 ...
[2012-05-23 16:38:05] <AssemblyHost> AssemblyHost.Console 开始启动 ...
[2012-05-23 16:39:38] <AssemblyHost> AssemblyHost.Console 开始启动 ...
[2012-05-23 16:39:52] <AssemblyHost> AssemblyHost.Console 开始启动 ...
[2012-05-23 16:41:38] <AssemblyHost> AssemblyHost.Console 开始启动 ...
[2012-05-23 16:44:24] <AssemblyHost> AssemblyHost.Console 开始启动 ...
[2012-05-23 16:47:33] <AssemblyHost> AssemblyHost.Console 开始启动 ...
[2012-05-23 16:47:46] <AssemblyHost> AssemblyHost.Console 开始启动 ...
[2012-05-23 16:48:30] <AssemblyHost> AssemblyHost.Console 开始启动 ...
[2012-05-23 16:51:06] <AssemblyHost> AssemblyHost.Console 开始启动 ...
[2012-05-27 11:56:57] <AssemblyHost> AssemblyHost.Console 开始启动 ...
[2012-05-27 12:20:07] <AssemblyHost> AssemblyHost.Console 开始启动 ...
[2012-05-27 12:20:23] <AssemblyHost> AssemblyHost.Console 开始启动 ...
[2012-05-27 12:21:09] <AssemblyHost> AssemblyHost.Console 开始启动 ...
[2012-05-27 12:23:00] <AssemblyHost> AssemblyHost.Console 开始启动 ...
[2012-05-27 12:25:01] <AssemblyHost> AssemblyHost.Console 开始启动 ...
[2012-05-27 12:25:38] <AssemblyHost> AssemblyHost.Console 开始启动 ...
[2012-05-27 12:26:10] <AssemblyHost> AssemblyHost.Console 开始启动 ...
[2012-05-27 12:31:10] <AssemblyHost> AssemblyHost.Console 开始启动 ...
[2012-05-27 12:33:02] <AssemblyHost> AssemblyHost.Console 开始启动 ...
[2012-05-27 12:36:55] <AssemblyHost> AssemblyHost.Console 开始启动 ...
[2012-05-27 13:03:19] <AssemblyHost> AssemblyHost.Console 开始启动 ...
[2012-05-27 13:07:28] <AssemblyHost> Command LiveUpdate
[2012-05-27 13:07:28] <AssemblyHost> 启动进程：D:\Work\Dev\Assembly\Setup\ServiceFairy\LiveUpdate.exe "/cmd:LiveUpdate" "/weid:30876" "/kill:" "/e:D:\Work\Dev\Assembly\Setup\ServiceFairy\ServiceFairy.Console.exe"
[2012-05-27 13:07:28] <LiveUpdate> command line:"D:\Work\Dev\Assembly\Setup\ServiceFairy\LiveUpdate.exe" "/cmd:LiveUpdate" "/weid:30876" "/kill:" "/e:D:\Work\Dev\Assembly\Setup\ServiceFairy\ServiceFairy.Console.exe"
[2012-05-27 13:07:28] <LiveUpdate> 等待进程结束:ProcId:30876 ProcName:ServiceFairy.Console
[2012-05-27 13:07:43] <LiveUpdate> 等待超时，强制结束进程:ProcId30876 ProcName:ServiceFairy.Console
[2012-05-27 13:07:43] <LiveUpdate> 正在结束进程:ProcID=30876, ProcName=ServiceFairy.Console
[2012-05-27 13:07:43] <LiveUpdate> 正在备份当前程序集
[2012-05-27 13:07:49] <LiveUpdate> 正在更新程序集
[2012-05-27 13:07:49] <LiveUpdate> 正在启动:D:\Work\Dev\Assembly\Setup\ServiceFairy\ServiceFairy.Console.exe
[2012-05-27 13:07:49] <AssemblyHost> AssemblyHost.Console 开始启动 ...
[2012-05-27 13:08:02] <AssemblyHost> AssemblyHost.Console 开始启动 ...
